生成启动时间为 2018/5/11/周五 11:55:25。
     1>项目“G:\VS2013\MFC\shuiziyuanyuanchengjiankongzhongxin\shuiziyuanyuanchengjiankongzhongxin\shuiziyuanyuanchengjiankongzhongxin.vcxproj”在节点 2 上(Build 个目标)。
     1>ClCompile:
         G:\VS2013\VC\bin\x86_amd64\CL.exe /c /I"C:\Program Files\MySQL\MySQL Server 5.7\lib" /I"C:\Program Files\MySQL\MySQL Server 5.7\include" /I"C:\Program Files\MySQL\Connector.C++ 1.1\lib\opt" /I"C:\Program Files\MySQL\Connector.C++ 1.1\include\boost" /Zi /nologo /W1 /WX- /O2 /Gm- /EHsc /MD /GS /fp:precise /Zc:wchar_t /Zc:forScope /Fo"x64\Debug\\" /Fd"x64\Debug\vc120.pdb" /Gd /TP /errorReport:prompt chaxunfangshi.cpp DlgProxy.cpp lishishujuchaxun.cpp lishishujuxianshi.cpp mschart1.cpp PCfuwuqi.cpp shuiziyuanyuanchengjiankongzhongxin.cpp shuiziyuanyuanchengjiankongzhongxinDlg.cpp stdafx.cpp
         chaxunfangshi.cpp
     1>G:\VS2013\VC\atlmfc\include\afx.h(24): fatal error C1189: #error :  Building MFC application with /MD[d] (CRT dll version) requires MFC shared dll version. Please #define _AFXDLL or do not use /MD[d]
         DlgProxy.cpp
     1>G:\VS2013\VC\atlmfc\include\afx.h(24): fatal error C1189: #error :  Building MFC application with /MD[d] (CRT dll version) requires MFC shared dll version. Please #define _AFXDLL or do not use /MD[d]
         lishishujuchaxun.cpp
     1>G:\VS2013\VC\atlmfc\include\afx.h(24): fatal error C1189: #error :  Building MFC application with /MD[d] (CRT dll version) requires MFC shared dll version. Please #define _AFXDLL or do not use /MD[d]
         lishishujuxianshi.cpp
     1>G:\VS2013\VC\atlmfc\include\afx.h(24): fatal error C1189: #error :  Building MFC application with /MD[d] (CRT dll version) requires MFC shared dll version. Please #define _AFXDLL or do not use /MD[d]
         mschart1.cpp
     1>G:\VS2013\VC\atlmfc\include\afx.h(24): fatal error C1189: #error :  Building MFC application with /MD[d] (CRT dll version) requires MFC shared dll version. Please #define _AFXDLL or do not use /MD[d]
         PCfuwuqi.cpp
     1>G:\VS2013\VC\atlmfc\include\afx.h(24): fatal error C1189: #error :  Building MFC application with /MD[d] (CRT dll version) requires MFC shared dll version. Please #define _AFXDLL or do not use /MD[d]
         shuiziyuanyuanchengjiankongzhongxin.cpp
     1>G:\VS2013\VC\atlmfc\include\afx.h(24): fatal error C1189: #error :  Building MFC application with /MD[d] (CRT dll version) requires MFC shared dll version. Please #define _AFXDLL or do not use /MD[d]
         shuiziyuanyuanchengjiankongzhongxinDlg.cpp
     1>G:\VS2013\VC\atlmfc\include\afx.h(24): fatal error C1189: #error :  Building MFC application with /MD[d] (CRT dll version) requires MFC shared dll version. Please #define _AFXDLL or do not use /MD[d]
         stdafx.cpp
     1>G:\VS2013\VC\atlmfc\include\afx.h(24): fatal error C1189: #error :  Building MFC application with /MD[d] (CRT dll version) requires MFC shared dll version. Please #define _AFXDLL or do not use /MD[d]
         正在生成代码...
     1>已完成生成项目“G:\VS2013\MFC\shuiziyuanyuanchengjiankongzhongxin\shuiziyuanyuanchengjiankongzhongxin\shuiziyuanyuanchengjiankongzhongxin.vcxproj”(Build 个目标)的操作 - 失败。

生成失败。

已用时间 00:00:01.03
