生成启动时间为 2018/6/24/周日 21:44:04。
     1>项目“G:\VS2013\MFC\shuiziyuanyuanchengjiankongzhongxin\shuiziyuanyuanchengjiankongzhongxin\shuiziyuanyuanchengjiankongzhongxin.vcxproj”在节点 2 上(Build 个目标)。
     1>ResourceCompile:
         C:\Program Files (x86)\Windows Kits\8.1\bin\x86\rc.exe /D _CRT_SECURE_NO_WARNINGS /D _DEBUG /D _UNICODE /D UNICODE /D _AFXDLL /l"0x0804" /IDebug\ /nologo /fo"Debug\shuiziyuanyuanchengjiankongzhongxin.res" shuiziyuanyuanchengjiankongzhongxin.rc 
       Link:
         G:\VS2013\VC\bin\link.exe /ERRORREPORT:PROMPT /OUT:"G:\VS2013\MFC\shuiziyuanyuanchengjiankongzhongxin\Debug\shuiziyuanyuanchengjiankongzhongxin.exe" /INCREMENTAL /NOLOGO /LIBPATH:"G:\VS2013\MFC\shuiziyuanyuanchengjiankongzhongxin\shuiziyuanyuanchengjiankongzhongxin\Connector.C++ 1.1\include" /LIBPATH:"C:\Program Files\MySQL\mysql-5.7.22-win32\lib" /LIBPATH:"C:\Program Files\MySQL\mysql-5.7.22-win32\include" /LIBPATH:G:\VS2013\MFC\shuiziyuanyuanchengjiankongzhongxin\Debug user32.lib libmysql.lib mysqlcppconn.lib "mysqlcppconn-static.lib" /MANIFEST /MANIFESTUAC:"level='asInvoker' uiAccess='false'" /manifest:embed /manifestinput:G:\VS2013\VC\Include\Manifest\dpiaware.manifest /DEBUG /PDB:"G:\VS2013\MFC\shuiziyuanyuanchengjiankongzhongxin\Debug\shuiziyuanyuanchengjiankongzhongxin.pdb" /SUBSYSTEM:WINDOWS /TLBID:1 /ENTRY:"wWinMainCRTStartup" /DYNAMICBASE /NXCOMPAT /IMPLIB:"G:\VS2013\MFC\shuiziyuanyuanchengjiankongzhongxin\Debug\shuiziyuanyuanchengjiankongzhongxin.lib" /MACHINE:X86 Debug\shuiziyuanyuanchengjiankongzhongxin.res
         Debug\chaxunfangshi.obj
         Debug\DlgProxy.obj
         Debug\lishishujuchaxun.obj
         Debug\mschart1.obj
         Debug\PCfuwuqi.obj
         Debug\shuiziyuanyuanchengjiankongzhongxin.obj
         Debug\shuiziyuanyuanchengjiankongzhongxinDlg.obj
         Debug\stdafx.obj
         shuiziyuanyuanchengjiankongzhongxin.vcxproj -> G:\VS2013\MFC\shuiziyuanyuanchengjiankongzhongxin\Debug\shuiziyuanyuanchengjiankongzhongxin.exe
       RegisterOutput:
         "G:\VS2013\MFC\shuiziyuanyuanchengjiankongzhongxin\Debug\shuiziyuanyuanchengjiankongzhongxin.exe" /RegServer
     1>已完成生成项目“G:\VS2013\MFC\shuiziyuanyuanchengjiankongzhongxin\shuiziyuanyuanchengjiankongzhongxin\shuiziyuanyuanchengjiankongzhongxin.vcxproj”(Build 个目标)的操作。

生成成功。

已用时间 00:00:04.20
